app/build/outputs/apk/manifest-merger-debug-report.txt
-- Merging decision tree log ---
manifest
ADDED from AndroidManifest.xml:1:1
	package
		ADDED from AndroidManifest.xml:1:72
		INJECTED from AndroidManifest.xml:0:0
		INJECTED from AndroidManifest.xml:0:0
	android:versionName
		ADDED from AndroidManifest.xml:1:41
	android:versionCode
		ADDED from AndroidManifest.xml:1:11
		INJECTED from AndroidManifest.xml:0:0
		INJECTED from AndroidManifest.xml:0:0
	xmlns:android
		ADDED from AndroidManifest.xml:1:124
uses-sdk
ADDED from AndroidManifest.xml:2:5
	android:targetSdkVersion
		ADDED from AndroidManifest.xml:2:41
		INJECTED from AndroidManifest.xml:0:0
		INJECTED from AndroidManifest.xml:0:0
	android:minSdkVersion
		ADDED from AndroidManifest.xml:2:15
		INJECTED from AndroidManifest.xml:0:0
		INJECTED from AndroidManifest.xml:0:0
uses-permission#android.permission.INTERNET
ADDED from AndroidManifest.xml:3:5
	android:name
		ADDED from AndroidManifest.xml:3:22
uses-permission#android.permission.WAKE_LOCK
ADDED from AndroidManifest.xml:4:5
	android:name
		ADDED from AndroidManifest.xml:4:22
uses-permission#android.permission.READ_PHONE_STATE
ADDED from AndroidManifest.xml:5:5
	android:name
		ADDED from AndroidManifest.xml:5:22
uses-permission#android.permission.WRITE_EXTERNAL_STORAGE
ADDED from AndroidManifest.xml:6:5
	android:name
		ADDED from AndroidManifest.xml:6:22
permission#com.valvesoftware.android.steam.community.permission.C2D_MESSAGE
ADDED from AndroidManifest.xml:7:5
	android:protectionLevel
		ADDED from AndroidManifest.xml:7:97
	android:name
		ADDED from AndroidManifest.xml:7:17
uses-permission#com.valvesoftware.android.steam.community.permission.C2D_MESSAGE
ADDED from AndroidManifest.xml:8:5
	android:name
		ADDED from AndroidManifest.xml:8:22
uses-permission#com.google.android.c2dm.permission.RECEIVE
ADDED from AndroidManifest.xml:9:5
	android:name
		ADDED from AndroidManifest.xml:9:22
uses-permission#android.permission.VIBRATE
ADDED from AndroidManifest.xml:10:5
	android:name
		ADDED from AndroidManifest.xml:10:22
supports-screens
ADDED from AndroidManifest.xml:11:5
	android:largeScreens
		ADDED from AndroidManifest.xml:11:49
	android:smallScreens
		ADDED from AndroidManifest.xml:11:106
	android:normalScreens
		ADDED from AndroidManifest.xml:11:77
	android:anyDensity
		ADDED from AndroidManifest.xml:11:23
uses-configuration
ADDED from AndroidManifest.xml:12:5
	android:reqHardKeyboard
		ADDED from AndroidManifest.xml:12:55
	android:reqKeyboardType
		ADDED from AndroidManifest.xml:12:87
	android:reqNavigation
		ADDED from AndroidManifest.xml:12:123
	android:reqFiveWayNav
		ADDED from AndroidManifest.xml:12:25
	android:reqTouchScreen
		ADDED from AndroidManifest.xml:12:157
application
ADDED from AndroidManifest.xml:13:5
	android:label
		ADDED from AndroidManifest.xml:13:49
	android:icon
		ADDED from AndroidManifest.xml:13:18
	android:name
		ADDED from AndroidManifest.xml:13:82
activity#com.valvesoftware.android.steam.community.activity.CommunityActivity
ADDED from AndroidManifest.xml:14:9
	android:launchMode
		ADDED from AndroidManifest.xml:14:140
	android:configChanges
		ADDED from AndroidManifest.xml:14:19
	android:theme
		ADDED from AndroidManifest.xml:14:219
	android:name
		ADDED from AndroidManifest.xml:14:176
intent-filter#android.intent.action.MAIN+android.intent.category.LAUNCHER
ADDED from AndroidManifest.xml:15:13
action#android.intent.action.MAIN
ADDED from AndroidManifest.xml:16:17
	android:name
		ADDED from AndroidManifest.xml:16:25
category#android.intent.category.LAUNCHER
ADDED from AndroidManifest.xml:17:17
	android:name
		ADDED from AndroidManifest.xml:17:27
activity#com.valvesoftware.android.steam.community.activity.CommunityGroupsActivity
ADDED from AndroidManifest.xml:20:9
	android:screenOrientation
		ADDED from AndroidManifest.xml:20:225
	android:launchMode
		ADDED from AndroidManifest.xml:20:140
	android:configChanges
		ADDED from AndroidManifest.xml:20:19
	android:theme
		ADDED from AndroidManifest.xml:20:266
	android:name
		ADDED from AndroidManifest.xml:20:176
activity#com.valvesoftware.android.steam.community.activity.SearchFriendsActivity
ADDED from AndroidManifest.xml:21:9
	android:screenOrientation
		ADDED from AndroidManifest.xml:21:223
	android:launchMode
		ADDED from AndroidManifest.xml:21:140
	android:configChanges
		ADDED from AndroidManifest.xml:21:19
	android:theme
		ADDED from AndroidManifest.xml:21:264
	android:name
		ADDED from AndroidManifest.xml:21:176
activity#com.valvesoftware.android.steam.community.activity.SearchGroupsActivity
ADDED from AndroidManifest.xml:22:9
	android:screenOrientation
		ADDED from AndroidManifest.xml:22:222
	android:launchMode
		ADDED from AndroidManifest.xml:22:140
	android:configChanges
		ADDED from AndroidManifest.xml:22:19
	android:theme
		ADDED from AndroidManifest.xml:22:263
	android:name
		ADDED from AndroidManifest.xml:22:176
activity#com.valvesoftware.android.steam.community.activity.SettingsActivity
ADDED from AndroidManifest.xml:23:9
	android:screenOrientation
		ADDED from AndroidManifest.xml:23:182
	android:configChanges
		ADDED from AndroidManifest.xml:23:19
	android:theme
		ADDED from AndroidManifest.xml:23:223
	android:name
		ADDED from AndroidManifest.xml:23:140
activity#com.valvesoftware.android.steam.community.activity.LoginActivity
ADDED from AndroidManifest.xml:24:9
	android:launchMode
		ADDED from AndroidManifest.xml:24:140
	android:configChanges
		ADDED from AndroidManifest.xml:24:19
	android:theme
		ADDED from AndroidManifest.xml:24:215
	android:name
		ADDED from AndroidManifest.xml:24:176
activity#com.valvesoftware.android.steam.community.activity.ChatActivity
ADDED from AndroidManifest.xml:25:9
	android:configChanges
		ADDED from AndroidManifest.xml:25:19
	android:theme
		ADDED from AndroidManifest.xml:25:178
	android:name
		ADDED from AndroidManifest.xml:25:140
activity#net.hockeyapp.android.UpdateActivity
ADDED from AndroidManifest.xml:26:9
	android:screenOrientation
		ADDED from AndroidManifest.xml:26:192
	android:configChanges
		ADDED from AndroidManifest.xml:26:19
	android:theme
		ADDED from AndroidManifest.xml:26:233
	android:name
		ADDED from AndroidManifest.xml:26:140
activity#com.valvesoftware.android.steam.community.activity.SteamMobileUriActivity
ADDED from AndroidManifest.xml:27:9
	android:screenOrientation
		ADDED from AndroidManifest.xml:27:188
	android:configChanges
		ADDED from AndroidManifest.xml:27:19
	android:theme
		ADDED from AndroidManifest.xml:27:229
	android:name
		ADDED from AndroidManifest.xml:27:140
intent-filter#android.intent.action.VIEW+android.intent.category.BROWSABLE+android.intent.category.DEFAULT
ADDED from AndroidManifest.xml:28:13
action#android.intent.action.VIEW
ADDED from AndroidManifest.xml:29:17
	android:name
		ADDED from AndroidManifest.xml:29:25
category#android.intent.category.DEFAULT
ADDED from AndroidManifest.xml:30:17
	android:name
		ADDED from AndroidManifest.xml:30:27
category#android.intent.category.BROWSABLE
ADDED from AndroidManifest.xml:31:17
	android:name
		ADDED from AndroidManifest.xml:31:27
data
ADDED from AndroidManifest.xml:32:17
	android:scheme
		ADDED from AndroidManifest.xml:32:23
service#com.valvesoftware.android.steam.community.SteamDBService
ADDED from AndroidManifest.xml:35:9
	android:enabled
		ADDED from AndroidManifest.xml:35:18
	android:name
		ADDED from AndroidManifest.xml:35:41
service#com.valvesoftware.android.steam.community.C2DMProcessor
ADDED from AndroidManifest.xml:36:9
	android:name
		ADDED from AndroidManifest.xml:36:18
receiver#com.valvesoftware.android.steam.community.C2DMReceiver
ADDED from AndroidManifest.xml:37:9
	android:permission
		ADDED from AndroidManifest.xml:37:48
	android:name
		ADDED from AndroidManifest.xml:37:19
intent-filter#com.google.android.c2dm.intent.RECEIVE+com.valvesoftware.android.steam.community
ADDED from AndroidManifest.xml:38:13
action#com.google.android.c2dm.intent.RECEIVE
ADDED from AndroidManifest.xml:39:17
	android:name
		ADDED from AndroidManifest.xml:39:25
category#com.valvesoftware.android.steam.community
ADDED from AndroidManifest.xml:40:17
	android:name
		ADDED from AndroidManifest.xml:40:27
intent-filter#com.google.android.c2dm.intent.REGISTRATION+com.valvesoftware.android.steam.community
ADDED from AndroidManifest.xml:42:13
action#com.google.android.c2dm.intent.REGISTRATION
ADDED from AndroidManifest.xml:43:17
	android:name
		ADDED from AndroidManifest.xml:43:25